<?xml version="1.0" encoding="UTF-8"?>
<testsuite xmlns:xsi="http://www.w3.org/2001/XMLSchema-instance" xsi:noNamespaceSchemaLocation="https://maven.apache.org/surefire/maven-surefire-plugin/xsd/surefire-test-report.xsd" version="3.0.2" name="es.colegiocalasanz.booktrack.BooktrackApplicationTests" time="3.26" tests="1" errors="0" skipped="0" failures="0">
  <properties>
[...]
</properties>
  <testcase name="contextLoads" classname="es.colegiocalasanz.booktrack.BooktrackApplicationTests" time="0.788">
    <system-out><![CDATA[10:44:23.257 [main] INFO org.springframework.test.context.support.AnnotationConfigContextLoaderUtils -- Could not detect default configuration classes for test class [es.colegiocalasanz.booktrack.BooktrackApplicationTests]: BooktrackApplicationTests does not declare any static, non-private, non-final, nested classes annotated with @Configuration.
10:44:23.380 [main] INFO org.springframework.boot.test.context.SpringBootTestContextBootstrapper -- Found @SpringBootConfiguration es.colegiocalasanz.booktrack.BooktrackApplication for test class es.colegiocalasanz.booktrack.BooktrackApplicationTests

  .   ____          _            __ _ _
 /\\ / ___'_ __ _ _(_)_ __  __ _ \ \ \ \
( ( )\___ | '_ | '_| | '_ \/ _` | \ \ \ \
 \\/  ___)| |_)| | | | | || (_| |  ) ) ) )
  '  |____| .__|_| |_|_| |_\__, | / / / /
 =========|_|==============|___/=/_/_/_/

 :: Spring Boot ::                (v3.4.0)

2026-04-20T10:44:23.871+02:00  INFO 13388 --- [BookTrack] [           main] e.c.booktrack.BooktrackApplicationTests  : Starting BooktrackApplicationTests using Java 23.0.2 with PID 13388 (started by Usuario in C:\Users\Usuario\Downloads\Booktrack\Booktrack-main\booktrack)
2026-04-20T10:44:23.874+02:00  INFO 13388 --- [BookTrack] [           main] e.c.booktrack.BooktrackApplicationTests  : No active profile set, falling back to 1 default profile: "default"
2026-04-20T10:44:24.951+02:00  WARN 13388 --- [BookTrack] [           main] .s.s.UserDetailsServiceAutoConfiguration : 

Using generated security password: 6a1ffabf-9df5-4476-9783-5ed9ffe73818

This generated password is for development use only. Your security configuration must be updated before running your application in production.

2026-04-20T10:44:24.967+02:00  INFO 13388 --- [BookTrack] [           main] r$InitializeUserDetailsManagerConfigurer : Global AuthenticationManager configured with UserDetailsService bean with name inMemoryUserDetailsManager
2026-04-20T10:44:25.539+02:00  INFO 13388 --- [BookTrack] [           main] e.c.booktrack.BooktrackApplicationTests  : Started BooktrackApplicationTests in 1.999 seconds (process running for 2.943)
]]></system-out>
    <system-err><![CDATA[Mockito is currently self-attaching to enable the inline-mock-maker. This will no longer work in future releases of the JDK. Please add Mockito as an agent to your build what is described in Mockito's documentation: https://javadoc.io/doc/org.mockito/mockito-core/latest/org/mockito/Mockito.html#0.3
WARNING: A Java agent has been loaded dynamically (C:\Users\Usuario\.m2\repository\net\bytebuddy\byte-buddy-agent\1.15.10\byte-buddy-agent-1.15.10.jar)
WARNING: If a serviceability tool is in use, please run with -XX:+EnableDynamicAgentLoading to hide this warning
WARNING: If a serviceability tool is not in use, please run with -Djdk.instrument.traceUsage for more information
WARNING: Dynamic loading of agents will be disallowed by default in a future release
]]></system-err>
  </testcase>
</testsuite>